
Loading MNIST Data...

Loading Training Data...

Loading Testing Data...

Preparing Classifier Training and Validation Data...

SVM Classifier with gamma = 0.1; Kernel = polynomial

Pickling the Classifier for Future Use...

Calculating Accuracy of trained Classifier...

Making Predictions on Validation Data...

Calculating Accuracy of Predictions...

Creating Confusion Matrix...

SVM Trained Classifier Accuracy:  0.9773333333333334

Predicted Values:  [1 6 3 ... 2 9 7]

Accuracy of Classifier on Validation Images:  0.9773333333333334

Confusion Matrix: 
 [[586   1   1   0   0   1   1   0   1   1]
 [  0 675   0   0   2   0   0   2   0   0]
 [  3   1 591   0   0   0   2   1   1   2]
 [  0   1   7 589   0   5   1   3   0   2]
 [  2   1   0   0 583   0   1   2   1   2]
 [  1   1   0   5   1 504   3   1   3   2]
 [  3   0   1   0   1   2 598   0   0   0]
 [  0   3   5   0   2   0   0 620   0   3]
 [  1   3   3   4   1   6   6   1 531   2]
 [  1   1   0   3   8   1   0   8   2 587]]

Making Predictions on Test Input Images...

Calculating Accuracy of Trained Classifier on Test Data... 

 Creating Confusion Matrix for Test Data...

Predicted Labels for Test Images:  [7 2 1 ... 4 5 6]

Accuracy of Classifier on Test Images:  0.9788

Confusion Matrix for Test Data: 
 [[ 972    0    1    1    0    2    1    1    2    0]
 [   0 1127    2    1    1    0    3    0    1    0]
 [   7    1 1007    0    2    0    5    7    3    0]
 [   0    2    2  986    0    6    0    4    6    4]
 [   2    0    2    0  965    0    4    0    0    9]
 [   2    0    1   12    1  865    4    1    3    3]
 [   4    5    1    0    3    7  936    0    2    0]
 [   0   11    8    1    1    0    0 1002    0    5]
 [   4    0    1    3    4    5    1    4  949    3]
 [   2    7    0    5    9    2    1    3    1  979]]
