
Loading MNIST Data...

Loading Training Data...

Loading Testing Data...

Preparing Classifier Training and Validation Data...

Random Forest Classifier with n_estimators = 100, n_jobs = 10

Pickling the Classifier for Future Use...

Calculating Accuracy of trained Classifier...

Making Predictions on Validation Data...

Calculating Accuracy of Predictions...

Creating Confusion Matrix...

RFC Trained Classifier Confidence:  0.9683333333333334

Predicted Values:  [7 4 4 ... 3 1 1]

Accuracy of Classifier on Validation Image Data:  0.9683333333333334

Confusion Matrix: 
 [[578   0   0   1   1   0   2   0   3   1]
 [  1 654   2   1   1   1   1   3   1   1]
 [  3   2 614   3   1   1   4   9   7   0]
 [  0   1  10 623   0   3   0   3   7   5]
 [  1   0   2   0 561   0   0   2   1   7]
 [  1   1   1   4   1 504   5   0   9   2]
 [  2   1   0   0   2   3 560   0   3   0]
 [  0   0   6   1   1   0   1 602   1   8]
 [  3   4   1   4   1   3   3   0 527   2]
 [  1   2   1   5   5   4   0   2   4 587]]

Making Predictions on Test Input Images...

Calculating Accuracy of Trained Classifier on Test Data... 

 Creating Confusion Matrix for Test Data...

Predicted Labels for Test Images:  [7 2 1 ... 4 5 6]

Accuracy of Classifier on Test Images:  0.9693

Confusion Matrix for Test Data: 
 [[ 970    0    1    0    0    1    3    1    3    1]
 [   0 1125    2    2    1    2    2    0    1    0]
 [   6    0  997    6    3    2    4    9    5    0]
 [   0    0    9  972    0   12    0    8    7    2]
 [   1    0    2    0  954    0    8    0    3   14]
 [   3    1    0   10    2  859    7    1    6    3]
 [   7    3    0    0    4    4  936    0    4    0]
 [   2    4   17    1    1    0    0  989    4   10]
 [   5    0    7    4    4    7    3    4  931    9]
 [   7    5    2   11   12    2    1    4    5  960]]
